mode: set
github.com/vfarcic/dot-ai-controller/api/v1alpha1/remediationpolicy_types.go:246.13,248.2 1 0
github.com/vfarcic/dot-ai-controller/api/v1alpha1/zz_generated.deepcopy.go:29.59,31.35 2 0
github.com/vfarcic/dot-ai-controller/api/v1alpha1/zz_generated.deepcopy.go:31.35,35.3 3 0
github.com/vfarcic/dot-ai-controller/api/v1alpha1/zz_generated.deepcopy.go:39.52,40.15 1 0
github.com/vfarcic/dot-ai-controller/api/v1alpha1/zz_generated.deepcopy.go:40.15,42.3 1 0
github.com/vfarcic/dot-ai-controller/api/v1alpha1/zz_generated.deepcopy.go:43.2,45.12 3 0
github.com/vfarcic/dot-ai-controller/api/v1alpha1/zz_generated.deepcopy.go:49.53,51.35 2 0
github.com/vfarcic/dot-ai-controller/api/v1alpha1/zz_generated.deepcopy.go:51.35,55.3 3 0
github.com/vfarcic/dot-ai-controller/api/v1alpha1/zz_generated.deepcopy.go:59.46,60.15 1 0
github.com/vfarcic/dot-ai-controller/api/v1alpha1/zz_generated.deepcopy.go:60.15,62.3 1 0
github.com/vfarcic/dot-ai-controller/api/v1alpha1/zz_generated.deepcopy.go:63.2,65.12 3 0
github.com/vfarcic/dot-ai-controller/api/v1alpha1/zz_generated.deepcopy.go:69.69,72.2 2 0
github.com/vfarcic/dot-ai-controller/api/v1alpha1/zz_generated.deepcopy.go:75.62,76.15 1 0
github.com/vfarcic/dot-ai-controller/api/v1alpha1/zz_generated.deepcopy.go:76.15,78.3 1 0
github.com/vfarcic/dot-ai-controller/api/v1alpha1/zz_generated.deepcopy.go:79.2,81.12 3 0
github.com/vfarcic/dot-ai-controller/api/v1alpha1/zz_generated.deepcopy.go:85.57,87.2 1 0
github.com/vfarcic/dot-ai-controller/api/v1alpha1/zz_generated.deepcopy.go:90.50,91.15 1 0
github.com/vfarcic/dot-ai-controller/api/v1alpha1/zz_generated.deepcopy.go:91.15,93.3 1 0
github.com/vfarcic/dot-ai-controller/api/v1alpha1/zz_generated.deepcopy.go:94.2,96.12 3 0
github.com/vfarcic/dot-ai-controller/api/v1alpha1/zz_generated.deepcopy.go:100.67,106.2 5 0
github.com/vfarcic/dot-ai-controller/api/v1alpha1/zz_generated.deepcopy.go:109.60,110.15 1 0
github.com/vfarcic/dot-ai-controller/api/v1alpha1/zz_generated.deepcopy.go:110.15,112.3 1 0
github.com/vfarcic/dot-ai-controller/api/v1alpha1/zz_generated.deepcopy.go:113.2,115.12 3 0
github.com/vfarcic/dot-ai-controller/api/v1alpha1/zz_generated.deepcopy.go:119.62,120.34 1 0
github.com/vfarcic/dot-ai-controller/api/v1alpha1/zz_generated.deepcopy.go:120.34,122.3 1 0
github.com/vfarcic/dot-ai-controller/api/v1alpha1/zz_generated.deepcopy.go:123.2,123.12 1 0
github.com/vfarcic/dot-ai-controller/api/v1alpha1/zz_generated.deepcopy.go:127.75,131.21 4 0
github.com/vfarcic/dot-ai-controller/api/v1alpha1/zz_generated.deepcopy.go:131.21,134.22 3 0
github.com/vfarcic/dot-ai-controller/api/v1alpha1/zz_generated.deepcopy.go:134.22,136.4 1 0
github.com/vfarcic/dot-ai-controller/api/v1alpha1/zz_generated.deepcopy.go:141.68,142.15 1 0
github.com/vfarcic/dot-ai-controller/api/v1alpha1/zz_generated.deepcopy.go:142.15,144.3 1 0
github.com/vfarcic/dot-ai-controller/api/v1alpha1/zz_generated.deepcopy.go:145.2,147.12 3 0
github.com/vfarcic/dot-ai-controller/api/v1alpha1/zz_generated.deepcopy.go:151.66,152.34 1 0
github.com/vfarcic/dot-ai-controller/api/v1alpha1/zz_generated.deepcopy.go:152.34,154.3 1 0
github.com/vfarcic/dot-ai-controller/api/v1alpha1/zz_generated.deepcopy.go:155.2,155.12 1 0
github.com/vfarcic/dot-ai-controller/api/v1alpha1/zz_generated.deepcopy.go:159.75,161.30 2 0
github.com/vfarcic/dot-ai-controller/api/v1alpha1/zz_generated.deepcopy.go:161.30,164.22 3 0
github.com/vfarcic/dot-ai-controller/api/v1alpha1/zz_generated.deepcopy.go:164.22,166.4 1 0
github.com/vfarcic/dot-ai-controller/api/v1alpha1/zz_generated.deepcopy.go:168.2,168.35 1 0
github.com/vfarcic/dot-ai-controller/api/v1alpha1/zz_generated.deepcopy.go:168.35,172.3 3 0
github.com/vfarcic/dot-ai-controller/api/v1alpha1/zz_generated.deepcopy.go:173.2,174.38 2 0
github.com/vfarcic/dot-ai-controller/api/v1alpha1/zz_generated.deepcopy.go:178.68,179.15 1 0
github.com/vfarcic/dot-ai-controller/api/v1alpha1/zz_generated.deepcopy.go:179.15,181.3 1 0
github.com/vfarcic/dot-ai-controller/api/v1alpha1/zz_generated.deepcopy.go:182.2,184.12 3 0
github.com/vfarcic/dot-ai-controller/api/v1alpha1/zz_generated.deepcopy.go:188.79,190.34 2 0
github.com/vfarcic/dot-ai-controller/api/v1alpha1/zz_generated.deepcopy.go:190.34,193.3 2 0
github.com/vfarcic/dot-ai-controller/api/v1alpha1/zz_generated.deepcopy.go:194.2,194.39 1 0
github.com/vfarcic/dot-ai-controller/api/v1alpha1/zz_generated.deepcopy.go:194.39,197.3 2 0
github.com/vfarcic/dot-ai-controller/api/v1alpha1/zz_generated.deepcopy.go:198.2,198.36 1 0
github.com/vfarcic/dot-ai-controller/api/v1alpha1/zz_generated.deepcopy.go:198.36,201.3 2 0
github.com/vfarcic/dot-ai-controller/api/v1alpha1/zz_generated.deepcopy.go:202.2,202.26 1 0
github.com/vfarcic/dot-ai-controller/api/v1alpha1/zz_generated.deepcopy.go:202.26,205.22 3 0
github.com/vfarcic/dot-ai-controller/api/v1alpha1/zz_generated.deepcopy.go:205.22,207.4 1 0
github.com/vfarcic/dot-ai-controller/api/v1alpha1/zz_generated.deepcopy.go:212.72,213.15 1 0
github.com/vfarcic/dot-ai-controller/api/v1alpha1/zz_generated.deepcopy.go:213.15,215.3 1 0
github.com/vfarcic/dot-ai-controller/api/v1alpha1/zz_generated.deepcopy.go:216.2,218.12 3 0
github.com/vfarcic/dot-ai-controller/api/v1alpha1/zz_generated.deepcopy.go:222.55,224.2 1 0
github.com/vfarcic/dot-ai-controller/api/v1alpha1/zz_generated.deepcopy.go:227.48,228.15 1 0
github.com/vfarcic/dot-ai-controller/api/v1alpha1/zz_generated.deepcopy.go:228.15,230.3 1 0
github.com/vfarcic/dot-ai-controller/api/v1alpha1/zz_generated.deepcopy.go:231.2,233.12 3 0
github.com/vfarcic/dot-ai-controller/cmd/main.go:52.13,57.2 2 0
github.com/vfarcic/dot-ai-controller/cmd/main.go:60.13,100.38 24 0
github.com/vfarcic/dot-ai-controller/cmd/main.go:100.38,103.3 2 0
github.com/vfarcic/dot-ai-controller/cmd/main.go:105.2,105.18 1 0
github.com/vfarcic/dot-ai-controller/cmd/main.go:105.18,107.3 1 0
github.com/vfarcic/dot-ai-controller/cmd/main.go:110.2,115.30 3 0
github.com/vfarcic/dot-ai-controller/cmd/main.go:115.30,124.17 4 0
github.com/vfarcic/dot-ai-controller/cmd/main.go:124.17,127.4 2 0
github.com/vfarcic/dot-ai-controller/cmd/main.go:129.3,129.68 1 0
github.com/vfarcic/dot-ai-controller/cmd/main.go:129.68,131.4 1 0
github.com/vfarcic/dot-ai-controller/cmd/main.go:134.2,148.19 3 0
github.com/vfarcic/dot-ai-controller/cmd/main.go:148.19,154.3 1 0
github.com/vfarcic/dot-ai-controller/cmd/main.go:164.2,164.30 1 0
github.com/vfarcic/dot-ai-controller/cmd/main.go:164.30,173.17 4 0
github.com/vfarcic/dot-ai-controller/cmd/main.go:173.17,176.4 2 0
github.com/vfarcic/dot-ai-controller/cmd/main.go:178.3,178.96 1 0
github.com/vfarcic/dot-ai-controller/cmd/main.go:178.96,180.4 1 0
github.com/vfarcic/dot-ai-controller/cmd/main.go:183.2,202.16 2 0
github.com/vfarcic/dot-ai-controller/cmd/main.go:202.16,205.3 2 0
github.com/vfarcic/dot-ai-controller/cmd/main.go:209.2,224.39 2 0
github.com/vfarcic/dot-ai-controller/cmd/main.go:224.39,227.3 2 0
github.com/vfarcic/dot-ai-controller/cmd/main.go:230.2,230.31 1 0
github.com/vfarcic/dot-ai-controller/cmd/main.go:230.31,232.53 2 0
github.com/vfarcic/dot-ai-controller/cmd/main.go:232.53,235.4 2 0
github.com/vfarcic/dot-ai-controller/cmd/main.go:238.2,238.31 1 0
github.com/vfarcic/dot-ai-controller/cmd/main.go:238.31,240.53 2 0
github.com/vfarcic/dot-ai-controller/cmd/main.go:240.53,243.4 2 0
github.com/vfarcic/dot-ai-controller/cmd/main.go:246.2,246.69 1 0
github.com/vfarcic/dot-ai-controller/cmd/main.go:246.69,249.3 2 0
github.com/vfarcic/dot-ai-controller/cmd/main.go:250.2,250.67 1 0
github.com/vfarcic/dot-ai-controller/cmd/main.go:250.67,253.3 2 0
github.com/vfarcic/dot-ai-controller/cmd/main.go:255.2,256.61 2 0
github.com/vfarcic/dot-ai-controller/cmd/main.go:256.61,259.3 2 0
github.com/vfarcic/dot-ai-controller/test/utils/utils.go:39.27,41.2 1 0
github.com/vfarcic/dot-ai-controller/test/utils/utils.go:44.41,48.42 3 0
github.com/vfarcic/dot-ai-controller/test/utils/utils.go:48.42,50.3 1 0
github.com/vfarcic/dot-ai-controller/test/utils/utils.go:52.2,56.16 5 0
github.com/vfarcic/dot-ai-controller/test/utils/utils.go:56.16,58.3 1 0
github.com/vfarcic/dot-ai-controller/test/utils/utils.go:60.2,60.28 1 0
github.com/vfarcic/dot-ai-controller/test/utils/utils.go:64.40,69.2 4 0
github.com/vfarcic/dot-ai-controller/test/utils/utils.go:72.36,75.36 3 0
github.com/vfarcic/dot-ai-controller/test/utils/utils.go:75.36,77.3 1 0
github.com/vfarcic/dot-ai-controller/test/utils/utils.go:82.39,92.16 4 0
github.com/vfarcic/dot-ai-controller/test/utils/utils.go:92.16,94.3 1 0
github.com/vfarcic/dot-ai-controller/test/utils/utils.go:95.2,96.37 2 0
github.com/vfarcic/dot-ai-controller/test/utils/utils.go:96.37,97.32 1 0
github.com/vfarcic/dot-ai-controller/test/utils/utils.go:97.32,98.35 1 0
github.com/vfarcic/dot-ai-controller/test/utils/utils.go:98.35,100.5 1 0
github.com/vfarcic/dot-ai-controller/test/utils/utils.go:104.2,104.14 1 0
github.com/vfarcic/dot-ai-controller/test/utils/utils.go:108.29,111.36 3 0
github.com/vfarcic/dot-ai-controller/test/utils/utils.go:111.36,113.3 1 0
github.com/vfarcic/dot-ai-controller/test/utils/utils.go:116.2,120.41 2 0
github.com/vfarcic/dot-ai-controller/test/utils/utils.go:120.41,123.37 2 0
github.com/vfarcic/dot-ai-controller/test/utils/utils.go:123.37,125.4 1 0
github.com/vfarcic/dot-ai-controller/test/utils/utils.go:130.33,133.36 3 0
github.com/vfarcic/dot-ai-controller/test/utils/utils.go:133.36,135.3 1 0
github.com/vfarcic/dot-ai-controller/test/utils/utils.go:138.2,145.12 3 0
github.com/vfarcic/dot-ai-controller/test/utils/utils.go:150.40,164.16 4 0
github.com/vfarcic/dot-ai-controller/test/utils/utils.go:164.16,166.3 1 0
github.com/vfarcic/dot-ai-controller/test/utils/utils.go:169.2,170.38 2 0
github.com/vfarcic/dot-ai-controller/test/utils/utils.go:170.38,171.32 1 0
github.com/vfarcic/dot-ai-controller/test/utils/utils.go:171.32,172.35 1 0
github.com/vfarcic/dot-ai-controller/test/utils/utils.go:172.35,174.5 1 0
github.com/vfarcic/dot-ai-controller/test/utils/utils.go:178.2,178.14 1 0
github.com/vfarcic/dot-ai-controller/test/utils/utils.go:182.56,184.47 2 0
github.com/vfarcic/dot-ai-controller/test/utils/utils.go:184.47,186.3 1 0
github.com/vfarcic/dot-ai-controller/test/utils/utils.go:187.2,190.12 4 0
github.com/vfarcic/dot-ai-controller/test/utils/utils.go:195.47,198.35 3 0
github.com/vfarcic/dot-ai-controller/test/utils/utils.go:198.35,199.20 1 0
github.com/vfarcic/dot-ai-controller/test/utils/utils.go:199.20,201.4 1 0
github.com/vfarcic/dot-ai-controller/test/utils/utils.go:204.2,204.12 1 0
github.com/vfarcic/dot-ai-controller/test/utils/utils.go:208.38,210.16 2 0
github.com/vfarcic/dot-ai-controller/test/utils/utils.go:210.16,212.3 1 0
github.com/vfarcic/dot-ai-controller/test/utils/utils.go:213.2,214.16 2 0
github.com/vfarcic/dot-ai-controller/test/utils/utils.go:219.59,223.16 2 0
github.com/vfarcic/dot-ai-controller/test/utils/utils.go:223.16,225.3 1 0
github.com/vfarcic/dot-ai-controller/test/utils/utils.go:226.2,229.13 3 0
github.com/vfarcic/dot-ai-controller/test/utils/utils.go:229.13,231.3 1 0
github.com/vfarcic/dot-ai-controller/test/utils/utils.go:233.2,235.16 3 0
github.com/vfarcic/dot-ai-controller/test/utils/utils.go:235.16,237.3 1 0
github.com/vfarcic/dot-ai-controller/test/utils/utils.go:239.2,240.21 2 0
github.com/vfarcic/dot-ai-controller/test/utils/utils.go:240.21,242.3 1 0
github.com/vfarcic/dot-ai-controller/test/utils/utils.go:243.2,243.6 1 0
github.com/vfarcic/dot-ai-controller/test/utils/utils.go:243.6,244.87 1 0
github.com/vfarcic/dot-ai-controller/test/utils/utils.go:244.87,246.4 1 0
github.com/vfarcic/dot-ai-controller/test/utils/utils.go:248.3,248.22 1 0
github.com/vfarcic/dot-ai-controller/test/utils/utils.go:248.22,249.9 1 0
github.com/vfarcic/dot-ai-controller/test/utils/utils.go:251.3,251.49 1 0
github.com/vfarcic/dot-ai-controller/test/utils/utils.go:251.49,253.4 1 0
github.com/vfarcic/dot-ai-controller/test/utils/utils.go:256.2,256.63 1 0
github.com/vfarcic/dot-ai-controller/test/utils/utils.go:256.63,258.3 1 0
github.com/vfarcic/dot-ai-controller/test/utils/utils.go:262.2,262.65 1 0
github.com/vfarcic/dot-ai-controller/test/utils/utils.go:262.65,264.3 1 0
github.com/vfarcic/dot-ai-controller/test/utils/utils.go:266.2,266.12 1 0
github.com/vfarcic/dot-ai-controller/internal/controller/remediationpolicy_controller.go:69.79,71.2 1 1
github.com/vfarcic/dot-ai-controller/internal/controller/remediationpolicy_controller.go:74.78,79.2 4 1
github.com/vfarcic/dot-ai-controller/internal/controller/remediationpolicy_controller.go:82.124,87.2 1 1
github.com/vfarcic/dot-ai-controller/internal/controller/remediationpolicy_controller.go:90.130,91.100 1 1
github.com/vfarcic/dot-ai-controller/internal/controller/remediationpolicy_controller.go:91.100,94.3 1 0
github.com/vfarcic/dot-ai-controller/internal/controller/remediationpolicy_controller.go:96.2,103.87 5 1
github.com/vfarcic/dot-ai-controller/internal/controller/remediationpolicy_controller.go:103.87,106.3 2 1
github.com/vfarcic/dot-ai-controller/internal/controller/remediationpolicy_controller.go:109.2,109.50 1 1
github.com/vfarcic/dot-ai-controller/internal/controller/remediationpolicy_controller.go:109.50,111.33 1 1
github.com/vfarcic/dot-ai-controller/internal/controller/remediationpolicy_controller.go:111.33,113.4 1 1
github.com/vfarcic/dot-ai-controller/internal/controller/remediationpolicy_controller.go:116.3,117.14 2 1
github.com/vfarcic/dot-ai-controller/internal/controller/remediationpolicy_controller.go:117.14,119.4 1 1
github.com/vfarcic/dot-ai-controller/internal/controller/remediationpolicy_controller.go:122.3,124.27 3 1
github.com/vfarcic/dot-ai-controller/internal/controller/remediationpolicy_controller.go:124.27,125.29 1 0
github.com/vfarcic/dot-ai-controller/internal/controller/remediationpolicy_controller.go:125.29,127.5 1 0
github.com/vfarcic/dot-ai-controller/internal/controller/remediationpolicy_controller.go:131.3,131.69 1 1
github.com/vfarcic/dot-ai-controller/internal/controller/remediationpolicy_controller.go:131.69,134.4 1 0
github.com/vfarcic/dot-ai-controller/internal/controller/remediationpolicy_controller.go:137.3,141.51 3 1
github.com/vfarcic/dot-ai-controller/internal/controller/remediationpolicy_controller.go:141.51,142.33 1 1
github.com/vfarcic/dot-ai-controller/internal/controller/remediationpolicy_controller.go:142.33,144.5 1 1
github.com/vfarcic/dot-ai-controller/internal/controller/remediationpolicy_controller.go:145.4,145.108 1 1
github.com/vfarcic/dot-ai-controller/internal/controller/remediationpolicy_controller.go:149.2,149.18 1 1
github.com/vfarcic/dot-ai-controller/internal/controller/remediationpolicy_controller.go:153.75,156.30 3 1
github.com/vfarcic/dot-ai-controller/internal/controller/remediationpolicy_controller.go:156.30,158.3 1 1
github.com/vfarcic/dot-ai-controller/internal/controller/remediationpolicy_controller.go:159.2,159.42 1 1
github.com/vfarcic/dot-ai-controller/internal/controller/remediationpolicy_controller.go:163.84,167.30 3 1
github.com/vfarcic/dot-ai-controller/internal/controller/remediationpolicy_controller.go:167.30,169.3 1 1
github.com/vfarcic/dot-ai-controller/internal/controller/remediationpolicy_controller.go:171.2,172.50 2 1
github.com/vfarcic/dot-ai-controller/internal/controller/remediationpolicy_controller.go:172.50,173.36 1 1
github.com/vfarcic/dot-ai-controller/internal/controller/remediationpolicy_controller.go:173.36,175.4 1 1
github.com/vfarcic/dot-ai-controller/internal/controller/remediationpolicy_controller.go:180.120,181.54 1 1
github.com/vfarcic/dot-ai-controller/internal/controller/remediationpolicy_controller.go:181.54,182.41 1 1
github.com/vfarcic/dot-ai-controller/internal/controller/remediationpolicy_controller.go:182.41,184.4 1 1
github.com/vfarcic/dot-ai-controller/internal/controller/remediationpolicy_controller.go:186.2,186.14 1 1
github.com/vfarcic/dot-ai-controller/internal/controller/remediationpolicy_controller.go:190.163,191.54 1 1
github.com/vfarcic/dot-ai-controller/internal/controller/remediationpolicy_controller.go:191.54,192.41 1 1
github.com/vfarcic/dot-ai-controller/internal/controller/remediationpolicy_controller.go:192.41,194.4 1 1
github.com/vfarcic/dot-ai-controller/internal/controller/remediationpolicy_controller.go:196.2,196.45 1 1
github.com/vfarcic/dot-ai-controller/internal/controller/remediationpolicy_controller.go:200.142,201.25 1 1
github.com/vfarcic/dot-ai-controller/internal/controller/remediationpolicy_controller.go:201.25,203.3 1 1
github.com/vfarcic/dot-ai-controller/internal/controller/remediationpolicy_controller.go:204.2,204.28 1 1
github.com/vfarcic/dot-ai-controller/internal/controller/remediationpolicy_controller.go:204.28,206.3 1 1
github.com/vfarcic/dot-ai-controller/internal/controller/remediationpolicy_controller.go:207.2,207.17 1 1
github.com/vfarcic/dot-ai-controller/internal/controller/remediationpolicy_controller.go:211.158,212.41 1 1
github.com/vfarcic/dot-ai-controller/internal/controller/remediationpolicy_controller.go:212.41,214.3 1 1
github.com/vfarcic/dot-ai-controller/internal/controller/remediationpolicy_controller.go:215.2,215.44 1 1
github.com/vfarcic/dot-ai-controller/internal/controller/remediationpolicy_controller.go:215.44,217.3 1 1
github.com/vfarcic/dot-ai-controller/internal/controller/remediationpolicy_controller.go:218.2,218.12 1 1
github.com/vfarcic/dot-ai-controller/internal/controller/remediationpolicy_controller.go:222.150,223.33 1 1
github.com/vfarcic/dot-ai-controller/internal/controller/remediationpolicy_controller.go:223.33,225.3 1 1
github.com/vfarcic/dot-ai-controller/internal/controller/remediationpolicy_controller.go:226.2,226.36 1 1
github.com/vfarcic/dot-ai-controller/internal/controller/remediationpolicy_controller.go:226.36,228.3 1 1
github.com/vfarcic/dot-ai-controller/internal/controller/remediationpolicy_controller.go:229.2,229.14 1 1
github.com/vfarcic/dot-ai-controller/internal/controller/remediationpolicy_controller.go:233.92,235.72 1 1
github.com/vfarcic/dot-ai-controller/internal/controller/remediationpolicy_controller.go:235.72,238.87 2 1
github.com/vfarcic/dot-ai-controller/internal/controller/remediationpolicy_controller.go:238.87,241.4 1 1
github.com/vfarcic/dot-ai-controller/internal/controller/remediationpolicy_controller.go:243.3,244.43 2 1
github.com/vfarcic/dot-ai-controller/internal/controller/remediationpolicy_controller.go:244.43,246.4 1 1
github.com/vfarcic/dot-ai-controller/internal/controller/remediationpolicy_controller.go:248.3,249.25 2 1
github.com/vfarcic/dot-ai-controller/internal/controller/remediationpolicy_controller.go:249.25,251.4 1 1
github.com/vfarcic/dot-ai-controller/internal/controller/remediationpolicy_controller.go:251.9,253.4 1 1
github.com/vfarcic/dot-ai-controller/internal/controller/remediationpolicy_controller.go:256.3,256.26 1 1
github.com/vfarcic/dot-ai-controller/internal/controller/remediationpolicy_controller.go:256.26,258.4 1 1
github.com/vfarcic/dot-ai-controller/internal/controller/remediationpolicy_controller.go:260.3,260.18 1 1
github.com/vfarcic/dot-ai-controller/internal/controller/remediationpolicy_controller.go:264.2,264.59 1 1
github.com/vfarcic/dot-ai-controller/internal/controller/remediationpolicy_controller.go:268.184,277.34 3 1
github.com/vfarcic/dot-ai-controller/internal/controller/remediationpolicy_controller.go:277.34,281.3 3 1
github.com/vfarcic/dot-ai-controller/internal/controller/remediationpolicy_controller.go:283.2,283.16 1 1
github.com/vfarcic/dot-ai-controller/internal/controller/remediationpolicy_controller.go:287.220,295.16 4 1
github.com/vfarcic/dot-ai-controller/internal/controller/remediationpolicy_controller.go:295.16,297.3 1 0
github.com/vfarcic/dot-ai-controller/internal/controller/remediationpolicy_controller.go:300.2,310.43 2 1
github.com/vfarcic/dot-ai-controller/internal/controller/remediationpolicy_controller.go:310.43,312.3 1 1
github.com/vfarcic/dot-ai-controller/internal/controller/remediationpolicy_controller.go:313.2,313.35 1 1
github.com/vfarcic/dot-ai-controller/internal/controller/remediationpolicy_controller.go:313.35,315.3 1 1
github.com/vfarcic/dot-ai-controller/internal/controller/remediationpolicy_controller.go:317.2,324.24 3 1
github.com/vfarcic/dot-ai-controller/internal/controller/remediationpolicy_controller.go:349.49,350.43 1 1
github.com/vfarcic/dot-ai-controller/internal/controller/remediationpolicy_controller.go:350.43,352.68 1 1
github.com/vfarcic/dot-ai-controller/internal/controller/remediationpolicy_controller.go:352.68,354.4 1 1
github.com/vfarcic/dot-ai-controller/internal/controller/remediationpolicy_controller.go:355.3,355.68 1 0
github.com/vfarcic/dot-ai-controller/internal/controller/remediationpolicy_controller.go:355.68,357.4 1 0
github.com/vfarcic/dot-ai-controller/internal/controller/remediationpolicy_controller.go:358.3,358.67 1 0
github.com/vfarcic/dot-ai-controller/internal/controller/remediationpolicy_controller.go:358.67,360.4 1 0
github.com/vfarcic/dot-ai-controller/internal/controller/remediationpolicy_controller.go:362.3,362.31 1 0
github.com/vfarcic/dot-ai-controller/internal/controller/remediationpolicy_controller.go:362.31,364.4 1 0
github.com/vfarcic/dot-ai-controller/internal/controller/remediationpolicy_controller.go:365.3,365.46 1 0
github.com/vfarcic/dot-ai-controller/internal/controller/remediationpolicy_controller.go:367.2,367.25 1 1
github.com/vfarcic/dot-ai-controller/internal/controller/remediationpolicy_controller.go:371.48,372.20 1 1
github.com/vfarcic/dot-ai-controller/internal/controller/remediationpolicy_controller.go:372.20,373.28 1 1
github.com/vfarcic/dot-ai-controller/internal/controller/remediationpolicy_controller.go:373.28,375.4 1 1
github.com/vfarcic/dot-ai-controller/internal/controller/remediationpolicy_controller.go:376.3,376.25 1 0
github.com/vfarcic/dot-ai-controller/internal/controller/remediationpolicy_controller.go:376.25,378.4 1 0
github.com/vfarcic/dot-ai-controller/internal/controller/remediationpolicy_controller.go:380.2,380.24 1 1
github.com/vfarcic/dot-ai-controller/internal/controller/remediationpolicy_controller.go:384.152,392.16 5 1
github.com/vfarcic/dot-ai-controller/internal/controller/remediationpolicy_controller.go:392.16,394.3 1 0
github.com/vfarcic/dot-ai-controller/internal/controller/remediationpolicy_controller.go:396.2,400.16 3 1
github.com/vfarcic/dot-ai-controller/internal/controller/remediationpolicy_controller.go:400.16,402.3 1 0
github.com/vfarcic/dot-ai-controller/internal/controller/remediationpolicy_controller.go:405.2,414.16 6 1
github.com/vfarcic/dot-ai-controller/internal/controller/remediationpolicy_controller.go:414.16,417.3 2 0
github.com/vfarcic/dot-ai-controller/internal/controller/remediationpolicy_controller.go:419.2,428.16 4 1
github.com/vfarcic/dot-ai-controller/internal/controller/remediationpolicy_controller.go:428.16,431.3 2 0
github.com/vfarcic/dot-ai-controller/internal/controller/remediationpolicy_controller.go:433.2,440.53 3 1
github.com/vfarcic/dot-ai-controller/internal/controller/remediationpolicy_controller.go:440.53,456.3 2 1
github.com/vfarcic/dot-ai-controller/internal/controller/remediationpolicy_controller.go:459.2,460.67 2 1
github.com/vfarcic/dot-ai-controller/internal/controller/remediationpolicy_controller.go:460.67,479.3 2 0
github.com/vfarcic/dot-ai-controller/internal/controller/remediationpolicy_controller.go:482.2,488.26 2 1
github.com/vfarcic/dot-ai-controller/internal/controller/remediationpolicy_controller.go:492.119,494.56 1 1
github.com/vfarcic/dot-ai-controller/internal/controller/remediationpolicy_controller.go:494.56,496.3 1 1
github.com/vfarcic/dot-ai-controller/internal/controller/remediationpolicy_controller.go:499.2,499.62 1 1
github.com/vfarcic/dot-ai-controller/internal/controller/remediationpolicy_controller.go:499.62,501.3 1 1
github.com/vfarcic/dot-ai-controller/internal/controller/remediationpolicy_controller.go:504.2,504.99 1 1
github.com/vfarcic/dot-ai-controller/internal/controller/remediationpolicy_controller.go:504.99,506.3 1 1
github.com/vfarcic/dot-ai-controller/internal/controller/remediationpolicy_controller.go:509.2,509.71 1 1
github.com/vfarcic/dot-ai-controller/internal/controller/remediationpolicy_controller.go:509.71,511.3 1 1
github.com/vfarcic/dot-ai-controller/internal/controller/remediationpolicy_controller.go:513.2,513.13 1 1
github.com/vfarcic/dot-ai-controller/internal/controller/remediationpolicy_controller.go:517.179,543.16 6 1
github.com/vfarcic/dot-ai-controller/internal/controller/remediationpolicy_controller.go:543.16,549.84 3 0
github.com/vfarcic/dot-ai-controller/internal/controller/remediationpolicy_controller.go:549.84,551.4 1 0
github.com/vfarcic/dot-ai-controller/internal/controller/remediationpolicy_controller.go:552.3,552.13 1 0
github.com/vfarcic/dot-ai-controller/internal/controller/remediationpolicy_controller.go:555.2,561.94 2 1
github.com/vfarcic/dot-ai-controller/internal/controller/remediationpolicy_controller.go:561.94,564.3 1 1
github.com/vfarcic/dot-ai-controller/internal/controller/remediationpolicy_controller.go:567.2,568.16 2 1
github.com/vfarcic/dot-ai-controller/internal/controller/remediationpolicy_controller.go:568.16,574.85 3 0
github.com/vfarcic/dot-ai-controller/internal/controller/remediationpolicy_controller.go:574.85,576.4 1 0
github.com/vfarcic/dot-ai-controller/internal/controller/remediationpolicy_controller.go:577.3,577.13 1 0
github.com/vfarcic/dot-ai-controller/internal/controller/remediationpolicy_controller.go:581.2,582.25 2 1
github.com/vfarcic/dot-ai-controller/internal/controller/remediationpolicy_controller.go:582.25,591.3 3 1
github.com/vfarcic/dot-ai-controller/internal/controller/remediationpolicy_controller.go:591.8,597.3 3 1
github.com/vfarcic/dot-ai-controller/internal/controller/remediationpolicy_controller.go:600.2,600.76 1 1
github.com/vfarcic/dot-ai-controller/internal/controller/remediationpolicy_controller.go:600.76,606.3 3 0
github.com/vfarcic/dot-ai-controller/internal/controller/remediationpolicy_controller.go:609.2,609.105 1 1
github.com/vfarcic/dot-ai-controller/internal/controller/remediationpolicy_controller.go:609.105,612.3 1 1
github.com/vfarcic/dot-ai-controller/internal/controller/remediationpolicy_controller.go:615.2,615.16 1 1
github.com/vfarcic/dot-ai-controller/internal/controller/remediationpolicy_controller.go:615.16,617.3 1 1
github.com/vfarcic/dot-ai-controller/internal/controller/remediationpolicy_controller.go:617.8,619.3 1 1
github.com/vfarcic/dot-ai-controller/internal/controller/remediationpolicy_controller.go:620.2,620.12 1 1
github.com/vfarcic/dot-ai-controller/internal/controller/remediationpolicy_controller.go:624.169,631.53 5 1
github.com/vfarcic/dot-ai-controller/internal/controller/remediationpolicy_controller.go:631.53,632.18 1 1
github.com/vfarcic/dot-ai-controller/internal/controller/remediationpolicy_controller.go:632.18,635.24 2 0
github.com/vfarcic/dot-ai-controller/internal/controller/remediationpolicy_controller.go:635.24,637.5 1 0
github.com/vfarcic/dot-ai-controller/internal/controller/remediationpolicy_controller.go:639.4,642.21 3 0
github.com/vfarcic/dot-ai-controller/internal/controller/remediationpolicy_controller.go:646.3,647.79 2 1
github.com/vfarcic/dot-ai-controller/internal/controller/remediationpolicy_controller.go:647.79,649.12 2 0
github.com/vfarcic/dot-ai-controller/internal/controller/remediationpolicy_controller.go:653.3,654.14 2 1
github.com/vfarcic/dot-ai-controller/internal/controller/remediationpolicy_controller.go:654.14,656.4 1 1
github.com/vfarcic/dot-ai-controller/internal/controller/remediationpolicy_controller.go:656.9,658.4 1 1
github.com/vfarcic/dot-ai-controller/internal/controller/remediationpolicy_controller.go:661.3,661.61 1 1
github.com/vfarcic/dot-ai-controller/internal/controller/remediationpolicy_controller.go:661.61,665.4 3 1
github.com/vfarcic/dot-ai-controller/internal/controller/remediationpolicy_controller.go:668.3,673.49 4 1
github.com/vfarcic/dot-ai-controller/internal/controller/remediationpolicy_controller.go:673.49,676.4 1 1
github.com/vfarcic/dot-ai-controller/internal/controller/remediationpolicy_controller.go:676.9,678.4 1 0
github.com/vfarcic/dot-ai-controller/internal/controller/remediationpolicy_controller.go:680.3,690.53 3 1
github.com/vfarcic/dot-ai-controller/internal/controller/remediationpolicy_controller.go:690.53,691.33 1 1
github.com/vfarcic/dot-ai-controller/internal/controller/remediationpolicy_controller.go:691.33,694.10 3 1
github.com/vfarcic/dot-ai-controller/internal/controller/remediationpolicy_controller.go:697.3,697.15 1 1
github.com/vfarcic/dot-ai-controller/internal/controller/remediationpolicy_controller.go:697.15,699.4 1 1
github.com/vfarcic/dot-ai-controller/internal/controller/remediationpolicy_controller.go:702.3,702.55 1 1
github.com/vfarcic/dot-ai-controller/internal/controller/remediationpolicy_controller.go:702.55,703.33 1 0
github.com/vfarcic/dot-ai-controller/internal/controller/remediationpolicy_controller.go:703.33,706.13 2 0
github.com/vfarcic/dot-ai-controller/internal/controller/remediationpolicy_controller.go:709.4,709.64 1 0
github.com/vfarcic/dot-ai-controller/internal/controller/remediationpolicy_controller.go:713.3,713.13 1 1
github.com/vfarcic/dot-ai-controller/internal/controller/remediationpolicy_controller.go:717.2,717.98 1 0
github.com/vfarcic/dot-ai-controller/internal/controller/remediationpolicy_controller.go:721.129,724.78 2 1
github.com/vfarcic/dot-ai-controller/internal/controller/remediationpolicy_controller.go:724.78,726.3 1 0
github.com/vfarcic/dot-ai-controller/internal/controller/remediationpolicy_controller.go:729.2,734.54 4 1
github.com/vfarcic/dot-ai-controller/internal/controller/remediationpolicy_controller.go:734.54,736.3 1 0
github.com/vfarcic/dot-ai-controller/internal/controller/remediationpolicy_controller.go:738.2,738.12 1 1
github.com/vfarcic/dot-ai-controller/internal/controller/remediationpolicy_controller.go:742.130,745.78 2 1
github.com/vfarcic/dot-ai-controller/internal/controller/remediationpolicy_controller.go:745.78,747.3 1 0
github.com/vfarcic/dot-ai-controller/internal/controller/remediationpolicy_controller.go:750.2,772.54 12 1
github.com/vfarcic/dot-ai-controller/internal/controller/remediationpolicy_controller.go:772.54,774.3 1 0
github.com/vfarcic/dot-ai-controller/internal/controller/remediationpolicy_controller.go:776.2,776.12 1 1
github.com/vfarcic/dot-ai-controller/internal/controller/remediationpolicy_controller.go:785.109,790.63 3 1
github.com/vfarcic/dot-ai-controller/internal/controller/remediationpolicy_controller.go:790.63,793.3 1 1
github.com/vfarcic/dot-ai-controller/internal/controller/remediationpolicy_controller.go:796.2,797.64 2 1
github.com/vfarcic/dot-ai-controller/internal/controller/remediationpolicy_controller.go:797.64,800.3 1 1
github.com/vfarcic/dot-ai-controller/internal/controller/remediationpolicy_controller.go:803.2,804.27 2 1
github.com/vfarcic/dot-ai-controller/internal/controller/remediationpolicy_controller.go:808.138,818.61 3 1
github.com/vfarcic/dot-ai-controller/internal/controller/remediationpolicy_controller.go:818.61,823.3 3 0
github.com/vfarcic/dot-ai-controller/internal/controller/remediationpolicy_controller.go:826.2,827.126 2 1
github.com/vfarcic/dot-ai-controller/internal/controller/remediationpolicy_controller.go:827.126,835.3 3 1
github.com/vfarcic/dot-ai-controller/internal/controller/remediationpolicy_controller.go:838.2,838.23 1 1
github.com/vfarcic/dot-ai-controller/internal/controller/remediationpolicy_controller.go:838.23,839.63 1 1
github.com/vfarcic/dot-ai-controller/internal/controller/remediationpolicy_controller.go:839.63,845.4 3 0
github.com/vfarcic/dot-ai-controller/internal/controller/remediationpolicy_controller.go:846.3,846.71 1 1
github.com/vfarcic/dot-ai-controller/internal/controller/remediationpolicy_controller.go:850.2,853.56 2 1
github.com/vfarcic/dot-ai-controller/internal/controller/remediationpolicy_controller.go:857.117,866.34 3 1
github.com/vfarcic/dot-ai-controller/internal/controller/remediationpolicy_controller.go:866.34,869.3 2 1
github.com/vfarcic/dot-ai-controller/internal/controller/remediationpolicy_controller.go:871.2,878.47 3 1
github.com/vfarcic/dot-ai-controller/internal/controller/remediationpolicy_controller.go:878.47,881.3 2 0
github.com/vfarcic/dot-ai-controller/internal/controller/remediationpolicy_controller.go:883.2,883.30 1 1
github.com/vfarcic/dot-ai-controller/internal/controller/remediationpolicy_controller.go:883.30,886.3 2 0
github.com/vfarcic/dot-ai-controller/internal/controller/remediationpolicy_controller.go:889.2,890.40 2 1
github.com/vfarcic/dot-ai-controller/internal/controller/remediationpolicy_controller.go:890.40,891.88 1 1
github.com/vfarcic/dot-ai-controller/internal/controller/remediationpolicy_controller.go:891.88,895.75 2 1
github.com/vfarcic/dot-ai-controller/internal/controller/remediationpolicy_controller.go:895.75,904.65 2 1
github.com/vfarcic/dot-ai-controller/internal/controller/remediationpolicy_controller.go:904.65,906.6 1 0
github.com/vfarcic/dot-ai-controller/internal/controller/remediationpolicy_controller.go:909.5,910.10 2 1
github.com/vfarcic/dot-ai-controller/internal/controller/remediationpolicy_controller.go:913.4,924.80 4 1
github.com/vfarcic/dot-ai-controller/internal/controller/remediationpolicy_controller.go:924.80,928.5 2 0
github.com/vfarcic/dot-ai-controller/internal/controller/remediationpolicy_controller.go:931.4,931.9 1 1
github.com/vfarcic/dot-ai-controller/internal/controller/remediationpolicy_controller.go:935.2,935.14 1 1
github.com/vfarcic/dot-ai-controller/internal/controller/remediationpolicy_controller.go:935.14,939.3 1 1
github.com/vfarcic/dot-ai-controller/internal/controller/remediationpolicy_controller.go:941.2,941.27 1 1
github.com/vfarcic/dot-ai-controller/internal/controller/remediationpolicy_controller.go:970.113,974.20 2 1
github.com/vfarcic/dot-ai-controller/internal/controller/remediationpolicy_controller.go:974.20,976.3 1 1
github.com/vfarcic/dot-ai-controller/internal/controller/remediationpolicy_controller.go:979.2,979.28 1 1
github.com/vfarcic/dot-ai-controller/internal/controller/remediationpolicy_controller.go:979.28,981.3 1 1
github.com/vfarcic/dot-ai-controller/internal/controller/remediationpolicy_controller.go:984.2,984.70 1 1
github.com/vfarcic/dot-ai-controller/internal/controller/remediationpolicy_controller.go:984.70,986.3 1 1
github.com/vfarcic/dot-ai-controller/internal/controller/remediationpolicy_controller.go:988.2,988.12 1 1
github.com/vfarcic/dot-ai-controller/internal/controller/remediationpolicy_controller.go:992.239,996.46 2 1
github.com/vfarcic/dot-ai-controller/internal/controller/remediationpolicy_controller.go:996.46,999.3 2 1
github.com/vfarcic/dot-ai-controller/internal/controller/remediationpolicy_controller.go:1002.2,1002.54 1 1
github.com/vfarcic/dot-ai-controller/internal/controller/remediationpolicy_controller.go:1002.54,1005.3 2 0
github.com/vfarcic/dot-ai-controller/internal/controller/remediationpolicy_controller.go:1008.2,1008.83 1 1
github.com/vfarcic/dot-ai-controller/internal/controller/remediationpolicy_controller.go:1008.83,1011.3 2 1
github.com/vfarcic/dot-ai-controller/internal/controller/remediationpolicy_controller.go:1012.2,1012.89 1 1
github.com/vfarcic/dot-ai-controller/internal/controller/remediationpolicy_controller.go:1012.89,1015.3 2 0
github.com/vfarcic/dot-ai-controller/internal/controller/remediationpolicy_controller.go:1018.2,1021.101 2 1
github.com/vfarcic/dot-ai-controller/internal/controller/remediationpolicy_controller.go:1021.101,1026.3 2 1
github.com/vfarcic/dot-ai-controller/internal/controller/remediationpolicy_controller.go:1028.2,1031.12 2 1
github.com/vfarcic/dot-ai-controller/internal/controller/remediationpolicy_controller.go:1035.222,1039.26 3 1
github.com/vfarcic/dot-ai-controller/internal/controller/remediationpolicy_controller.go:1040.15,1050.4 4 1
github.com/vfarcic/dot-ai-controller/internal/controller/remediationpolicy_controller.go:1052.18,1053.48 1 1
github.com/vfarcic/dot-ai-controller/internal/controller/remediationpolicy_controller.go:1053.48,1056.16 2 1
github.com/vfarcic/dot-ai-controller/internal/controller/remediationpolicy_controller.go:1056.16,1060.5 3 1
github.com/vfarcic/dot-ai-controller/internal/controller/remediationpolicy_controller.go:1060.10,1064.5 3 1
github.com/vfarcic/dot-ai-controller/internal/controller/remediationpolicy_controller.go:1065.9,1068.26 3 1
github.com/vfarcic/dot-ai-controller/internal/controller/remediationpolicy_controller.go:1068.26,1070.5 1 1
github.com/vfarcic/dot-ai-controller/internal/controller/remediationpolicy_controller.go:1070.10,1072.5 1 0
github.com/vfarcic/dot-ai-controller/internal/controller/remediationpolicy_controller.go:1075.3,1085.25 2 1
github.com/vfarcic/dot-ai-controller/internal/controller/remediationpolicy_controller.go:1085.25,1087.4 1 1
github.com/vfarcic/dot-ai-controller/internal/controller/remediationpolicy_controller.go:1090.2,1106.51 3 1
github.com/vfarcic/dot-ai-controller/internal/controller/remediationpolicy_controller.go:1106.51,1108.3 1 1
github.com/vfarcic/dot-ai-controller/internal/controller/remediationpolicy_controller.go:1110.2,1110.16 1 1
github.com/vfarcic/dot-ai-controller/internal/controller/remediationpolicy_controller.go:1114.91,1115.63 1 1
github.com/vfarcic/dot-ai-controller/internal/controller/remediationpolicy_controller.go:1115.63,1116.69 1 1
github.com/vfarcic/dot-ai-controller/internal/controller/remediationpolicy_controller.go:1116.69,1118.4 1 1
github.com/vfarcic/dot-ai-controller/internal/controller/remediationpolicy_controller.go:1120.2,1120.14 1 1
github.com/vfarcic/dot-ai-controller/internal/controller/remediationpolicy_controller.go:1124.106,1126.63 2 1
github.com/vfarcic/dot-ai-controller/internal/controller/remediationpolicy_controller.go:1126.63,1130.41 2 1
github.com/vfarcic/dot-ai-controller/internal/controller/remediationpolicy_controller.go:1130.41,1137.4 2 1
github.com/vfarcic/dot-ai-controller/internal/controller/remediationpolicy_controller.go:1140.3,1140.59 1 1
github.com/vfarcic/dot-ai-controller/internal/controller/remediationpolicy_controller.go:1140.59,1146.4 1 1
github.com/vfarcic/dot-ai-controller/internal/controller/remediationpolicy_controller.go:1149.3,1149.70 1 1
github.com/vfarcic/dot-ai-controller/internal/controller/remediationpolicy_controller.go:1149.70,1150.78 1 1
github.com/vfarcic/dot-ai-controller/internal/controller/remediationpolicy_controller.go:1150.78,1156.5 1 1
github.com/vfarcic/dot-ai-controller/internal/controller/remediationpolicy_controller.go:1157.4,1157.61 1 1
github.com/vfarcic/dot-ai-controller/internal/controller/remediationpolicy_controller.go:1157.61,1163.5 1 1
github.com/vfarcic/dot-ai-controller/internal/controller/remediationpolicy_controller.go:1167.3,1167.76 1 1
github.com/vfarcic/dot-ai-controller/internal/controller/remediationpolicy_controller.go:1167.76,1168.85 1 1
github.com/vfarcic/dot-ai-controller/internal/controller/remediationpolicy_controller.go:1168.85,1170.36 2 1
github.com/vfarcic/dot-ai-controller/internal/controller/remediationpolicy_controller.go:1170.36,1171.62 1 1
github.com/vfarcic/dot-ai-controller/internal/controller/remediationpolicy_controller.go:1171.62,1172.68 1 1
github.com/vfarcic/dot-ai-controller/internal/controller/remediationpolicy_controller.go:1172.68,1174.26 1 1
github.com/vfarcic/dot-ai-controller/internal/controller/remediationpolicy_controller.go:1174.26,1176.9 1 1
github.com/vfarcic/dot-ai-controller/internal/controller/remediationpolicy_controller.go:1177.8,1177.63 1 1
github.com/vfarcic/dot-ai-controller/internal/controller/remediationpolicy_controller.go:1181.5,1181.26 1 1
github.com/vfarcic/dot-ai-controller/internal/controller/remediationpolicy_controller.go:1181.26,1183.19 2 1
github.com/vfarcic/dot-ai-controller/internal/controller/remediationpolicy_controller.go:1183.19,1185.7 1 1
github.com/vfarcic/dot-ai-controller/internal/controller/remediationpolicy_controller.go:1186.6,1190.8 1 1
github.com/vfarcic/dot-ai-controller/internal/controller/remediationpolicy_controller.go:1196.3,1196.74 1 1
github.com/vfarcic/dot-ai-controller/internal/controller/remediationpolicy_controller.go:1196.74,1197.55 1 1
github.com/vfarcic/dot-ai-controller/internal/controller/remediationpolicy_controller.go:1197.55,1199.16 2 1
github.com/vfarcic/dot-ai-controller/internal/controller/remediationpolicy_controller.go:1199.16,1201.6 1 1
github.com/vfarcic/dot-ai-controller/internal/controller/remediationpolicy_controller.go:1202.5,1206.7 1 1
github.com/vfarcic/dot-ai-controller/internal/controller/remediationpolicy_controller.go:1211.3,1211.79 1 1
github.com/vfarcic/dot-ai-controller/internal/controller/remediationpolicy_controller.go:1211.79,1219.66 2 1
github.com/vfarcic/dot-ai-controller/internal/controller/remediationpolicy_controller.go:1219.66,1220.73 1 1
github.com/vfarcic/dot-ai-controller/internal/controller/remediationpolicy_controller.go:1220.73,1222.27 1 1
github.com/vfarcic/dot-ai-controller/internal/controller/remediationpolicy_controller.go:1222.27,1224.7 1 0
github.com/vfarcic/dot-ai-controller/internal/controller/remediationpolicy_controller.go:1225.6,1229.8 1 1
github.com/vfarcic/dot-ai-controller/internal/controller/remediationpolicy_controller.go:1236.2,1236.54 1 1
github.com/vfarcic/dot-ai-controller/internal/controller/remediationpolicy_controller.go:1236.54,1237.35 1 1
github.com/vfarcic/dot-ai-controller/internal/controller/remediationpolicy_controller.go:1237.35,1243.4 1 1
github.com/vfarcic/dot-ai-controller/internal/controller/remediationpolicy_controller.go:1244.3,1244.39 1 1
github.com/vfarcic/dot-ai-controller/internal/controller/remediationpolicy_controller.go:1244.39,1245.86 1 1
github.com/vfarcic/dot-ai-controller/internal/controller/remediationpolicy_controller.go:1245.86,1251.5 1 1
github.com/vfarcic/dot-ai-controller/internal/controller/remediationpolicy_controller.go:1257.124,1262.16 3 1
github.com/vfarcic/dot-ai-controller/internal/controller/remediationpolicy_controller.go:1262.16,1264.3 1 0
github.com/vfarcic/dot-ai-controller/internal/controller/remediationpolicy_controller.go:1267.2,1268.16 2 1
github.com/vfarcic/dot-ai-controller/internal/controller/remediationpolicy_controller.go:1268.16,1270.3 1 0
github.com/vfarcic/dot-ai-controller/internal/controller/remediationpolicy_controller.go:1272.2,1276.16 3 1
github.com/vfarcic/dot-ai-controller/internal/controller/remediationpolicy_controller.go:1276.16,1278.3 1 0
github.com/vfarcic/dot-ai-controller/internal/controller/remediationpolicy_controller.go:1279.2,1282.42 2 1
github.com/vfarcic/dot-ai-controller/internal/controller/remediationpolicy_controller.go:1282.42,1285.3 2 1
github.com/vfarcic/dot-ai-controller/internal/controller/remediationpolicy_controller.go:1287.2,1291.12 2 1
github.com/vfarcic/dot-ai-controller/internal/controller/remediationpolicy_controller.go:1295.80,1304.2 1 0
